{"AgentX_win": {"timestamp": "2024-04-24T12:16:16.621+0000", "agent": {"id": "032", "name": "w200pp023", "ip": "10.163.117.23", "labels": {"os_name": "windows", "event_source": "Duo-Security-Auth-Proxy"}}, "manager": {"name": "agentx-server"}, "id": "1713960976.0", "cluster": {"name": "logpoint_cluster7655", "node": "10.163.205.166"}, "full_log": "2024-04-24T14:16:16.287679+0200 [duoauthproxy.lib.log#info] (('10.163.117.60', 58982), bva\\svc_ciscovpn_ldap, 0): Got preauth result for: 'allow'", "decoder": {}, "location": "\\Program Files\\Duo Security Authentication Proxy\\log\\authproxy.log"}}
{"AgentX_win": {"timestamp": "2024-04-24T12:15:56.122+0000", "agent": {"id": "034", "name": "w800pp023", "ip": "10.163.109.23", "labels": {"os_name": "windows", "event_source": "Duo-Security-Auth-Proxy"}}, "manager": {"name": "agentx-server"}, "id": "1713960956.0", "cluster": {"name": "logpoint_cluster7655", "node": "10.163.205.166"}, "full_log": "2024-04-24T14:15:54.618059+0200 [duoauthproxy.lib.http._ConnectProxyClientFactory#info] Starting factory <duoauthproxy.lib.http._ConnectProxyClientFactory object at 0x000002C50E021450>", "decoder": {}, "location": "\\Program Files\\Duo Security Authentication Proxy\\log\\authproxy.log"}}
{"AgentX_win": {"timestamp": "2024-04-24T12:17:12.748+0000", "agent": {"id": "036", "name": "w600pp012", "ip": "10.163.125.12", "labels": {"os_name": "windows", "event_source": "Duo-Security-Auth-Proxy"}}, "manager": {"name": "agentx-server"}, "id": "1713961032.0", "cluster": {"name": "logpoint_cluster7655", "node": "10.163.205.166"}, "full_log": "2024-04-24T14:17:11.068981+0200 [duoauthproxy.lib.log#info] Sending request from 10.163.125.60 to radius_server_auto", "decoder": {}, "location": "\\Program Files\\Duo Security Authentication Proxy\\log\\authproxy.log"}}
{"AgentX_win": {"timestamp": "2024-04-24T12:16:47.709+0000", "agent": {"id": "034", "name": "w800pp023", "ip": "10.163.109.23", "labels": {"os_name": "windows"}}, "manager": {"name": "agentx-server"}, "id": "1713961007.0", "cluster": {"name": "logpoint_cluster7655", "node": "10.163.205.166"}, "full_log": "{\"win\":{\"system\":{\"providerName\":\"Microsoft-Windows-Security-Auditing\",\"providerGuid\":\"{54849625-5478-4994-a5ba-3e3b0328c30d}\",\"eventID\":\"4672\",\"version\":\"0\",\"level\":\"0\",\"task\":\"12548\",\"opcode\":\"0\",\"keywords\":\"0x8020000000000000\",\"systemTime\":\"2024-04-24T12:16:46.650163800Z\",\"eventRecordID\":\"12456954\",\"processID\":\"1068\",\"threadID\":\"3800\",\"channel\":\"Security\",\"computer\":\"w800pp023.svdgmbh.at\",\"severityValue\":\"AUDIT_SUCCESS\",\"message\":\"\\\"Special privileges assigned to new logon.\\r\\n\\r\\nSubject:\\r\\n\\tSecurity ID:\\t\\tS-1-5-21-4087586942-3406295082-3530656567-1003\\r\\n\\tAccount Name:\\t\\tsvc_monitoring_Proxy\\r\\n\\tAccount Domain:\\t\\tW800PP023\\r\\n\\tLogon ID:\\t\\t0x1B609C6B\\r\\n\\r\\nPrivileges:\\t\\tSeSecurityPrivilege\\r\\n\\t\\t\\tSeBackupPrivilege\\r\\n\\t\\t\\tSeRestorePrivilege\\r\\n\\t\\t\\tSeTakeOwnershipPrivilege\\r\\n\\t\\t\\tSeDebugPrivilege\\r\\n\\t\\t\\tSeSystemEnvironmentPrivilege\\r\\n\\t\\t\\tSeLoadDriverPrivilege\\r\\n\\t\\t\\tSeImpersonatePrivilege\\r\\n\\t\\t\\tSeDelegateSessionUserImpersonatePrivilege\\\"\"},\"eventdata\":{\"subjectUserSid\":\"S-1-5-21-4087586942-3406295082-3530656567-1003\",\"subjectUserName\":\"svc_monitoring_Proxy\",\"subjectDomainName\":\"W800PP023\",\"subjectLogonId\":\"0x1b609c6b\",\"privilegeList\":\"SeSecurityPrivilege     SeBackupPrivilege     SeRestorePrivilege     SeTakeOwnershipPrivilege     SeDebugPrivilege     SeSystemEnvironmentPrivilege     SeLoadDriverPrivilege     SeImpersonatePrivilege     SeDelegateSessionUserImpersonatePrivilege\"}}}", "decoder": {"name": "windows_eventchannel"}, "data": {"win": {"system": {"providerName": "Microsoft-Windows-Security-Auditing", "providerGuid": "{54849625-5478-4994-a5ba-3e3b0328c30d}", "eventID": "4672", "version": "0", "level": "0", "task": "12548", "opcode": "0", "keywords": "0x8020000000000000", "systemTime": "2024-04-24T12:16:46.650163800Z", "eventRecordID": "12456954", "processID": "1068", "threadID": "3800", "channel": "Security", "computer": "w800pp023.svdgmbh.at", "severityValue": "AUDIT_SUCCESS", "message": "\"Special privileges assigned to new logon.\r\n\r\nSubject:\r\n\tSecurity ID:\t\tS-1-5-21-4087586942-3406295082-3530656567-1003\r\n\tAccount Name:\t\tsvc_monitoring_Proxy\r\n\tAccount Domain:\t\tW800PP023\r\n\tLogon ID:\t\t0x1B609C6B\r\n\r\nPrivileges:\t\tSeSecurityPrivilege\r\n\t\t\tSeBackupPrivilege\r\n\t\t\tSeRestorePrivilege\r\n\t\t\tSeTakeOwnershipPrivilege\r\n\t\t\tSeDebugPrivilege\r\n\t\t\tSeSystemEnvironmentPrivilege\r\n\t\t\tSeLoadDriverPrivilege\r\n\t\t\tSeImpersonatePrivilege\r\n\t\t\tSeDelegateSessionUserImpersonatePrivilege\""}, "eventdata": {"subjectUserSid": "S-1-5-21-4087586942-3406295082-3530656567-1003", "subjectUserName": "svc_monitoring_Proxy", "subjectDomainName": "W800PP023", "subjectLogonId": "0x1b609c6b", "privilegeList": "SeSecurityPrivilege     SeBackupPrivilege     SeRestorePrivilege     SeTakeOwnershipPrivilege     SeDebugPrivilege     SeSystemEnvironmentPrivilege     SeLoadDriverPrivilege     SeImpersonatePrivilege     SeDelegateSessionUserImpersonatePrivilege"}}}, "location": "EventChannel"}}
{"AgentX_win": {"timestamp": "2024-04-24T12:16:12.608+0000", "agent": {"id": "032", "name": "w200pp023", "ip": "10.163.117.23", "labels": {"os_name": "windows", "event_source": "Duo-Security-Auth-Proxy"}}, "manager": {"name": "agentx-server"}, "id": "1713960972.0", "cluster": {"name": "logpoint_cluster7655", "node": "10.163.205.166"}, "full_log": "2024-04-24T14:16:10.947902+0200 [duoauthproxy.lib.log#info] Got response for id 193 from ('10.163.18.166', 1812); code 2", "decoder": {}, "location": "\\Program Files\\Duo Security Authentication Proxy\\log\\authproxy.log"}}
{"AgentX_win": {"timestamp": "2024-04-24T12:17:14.785+0000", "agent": {"id": "032", "name": "w200pp023", "ip": "10.163.117.23", "labels": {"os_name": "windows", "event_source": "Duo-Security-Auth-Proxy"}}, "manager": {"name": "agentx-server"}, "id": "1713961034.0", "cluster": {"name": "logpoint_cluster7655", "node": "10.163.205.166"}, "full_log": "2024-04-24T14:17:10.932070+0200 [duoauthproxy.lib.log#info] http POST to https://api-5ef677fb.duosecurity.com:443/rest/v1/preauth", "decoder": {}, "location": "\\Program Files\\Duo Security Authentication Proxy\\log\\authproxy.log"}}
{"AgentX_win": {"timestamp": "2024-04-24T12:16:36.691+0000", "agent": {"id": "032", "name": "w200pp023", "ip": "10.163.117.23", "labels": {"os_name": "windows", "event_source": "Duo-Security-Auth-Proxy"}}, "manager": {"name": "agentx-server"}, "id": "1713960996.0", "cluster": {"name": "logpoint_cluster7655", "node": "10.163.205.166"}, "full_log": "2024-04-24T14:16:36.253543+0200 [duoauthproxy.lib.log#info] (('10.163.117.60', 49810), bva\\svc_ciscovpn_ldap, 4): Sending response", "decoder": {}, "location": "\\Program Files\\Duo Security Authentication Proxy\\log\\authproxy.log"}}
{"AgentX_win": {"timestamp": "2024-04-24T12:17:06.707+0000", "agent": {"id": "036", "name": "w600pp012", "ip": "10.163.125.12", "labels": {"os_name": "windows", "event_source": "Duo-Security-Auth-Proxy"}}, "manager": {"name": "agentx-server"}, "id": "1713961026.0", "cluster": {"name": "logpoint_cluster7655", "node": "10.163.205.166"}, "full_log": "2024-04-24T14:17:06.501083+0200 [duoauthproxy.lib.log#info] (('10.163.125.60', 41004), svd\\svc_ciscovpn_ldap, 235): Returning response code 2: AccessAccept", "decoder": {}, "location": "\\Program Files\\Duo Security Authentication Proxy\\log\\authproxy.log"}}
{"AgentX_win": {"timestamp": "2024-04-24T12:16:42.680+0000", "agent": {"id": "036", "name": "w600pp012", "ip": "10.163.125.12", "labels": {"os_name": "windows", "event_source": "Duo-Security-Auth-Proxy"}}, "manager": {"name": "agentx-server"}, "id": "1713961002.0", "cluster": {"name": "logpoint_cluster7655", "node": "10.163.205.166"}, "full_log": "2024-04-24T14:16:41.162725+0200 [duoauthproxy.lib.http._DuoHTTPClientFactory#info] Starting factory <_DuoHTTPClientFactory: b'https://api-3ccfa698.duosecurity.com:443/rest/v1/preauth'>", "decoder": {}, "location": "\\Program Files\\Duo Security Authentication Proxy\\log\\authproxy.log"}}
{"AgentX_win": {"timestamp": "2024-04-24T12:16:24.201+0000", "agent": {"id": "034", "name": "w800pp023", "ip": "10.163.109.23", "labels": {"os_name": "windows", "event_source": "Duo-Security-Auth-Proxy"}}, "manager": {"name": "agentx-server"}, "id": "1713960984.0", "cluster": {"name": "logpoint_cluster7655", "node": "10.163.205.166"}, "full_log": "2024-04-24T14:16:23.784457+0200 [duoauthproxy.lib.log#info] (('10.163.109.60', 64046), netscaler_svs, 134): Cannot decode password using the configured radius_secret. Please ensure the client and Authentication Proxy use the same shared secret.", "decoder": {}, "location": "\\Program Files\\Duo Security Authentication Proxy\\log\\authproxy.log"}}
{"AgentX_win": {"timestamp": "2024-04-24T12:16:10.160+0000", "agent": {"id": "034", "name": "w800pp023", "ip": "10.163.109.23", "labels": {"os_name": "windows", "event_source": "Duo-Security-Auth-Proxy"}}, "manager": {"name": "agentx-server"}, "id": "1713960970.0", "cluster": {"name": "logpoint_cluster7655", "node": "10.163.205.166"}, "full_log": "2024-04-24T14:16:09.447202+0200 [duoauthproxy.lib.log#info] Sending request for user 'sva\\\\svc_ciscovpn_ldap' to ('10.163.18.164', 1812) with id 132", "decoder": {}, "location": "\\Program Files\\Duo Security Authentication Proxy\\log\\authproxy.log"}}
{"AgentX_win": {"timestamp": "2024-04-24T12:16:41.932+0000", "agent": {"id": "033", "name": "w800pp022", "ip": "10.163.109.22", "labels": {"os_name": "windows"}}, "manager": {"name": "agentx-server"}, "id": "1713961001.0", "cluster": {"name": "logpoint_cluster7655", "node": "10.163.205.166"}, "full_log": "{\"win\":{\"system\":{\"providerName\":\"Microsoft-Windows-Security-Auditing\",\"providerGuid\":\"{54849625-5478-4994-a5ba-3e3b0328c30d}\",\"eventID\":\"4799\",\"version\":\"0\",\"level\":\"0\",\"task\":\"13826\",\"opcode\":\"0\",\"keywords\":\"0x8020000000000000\",\"systemTime\":\"2024-04-24T12:16:40.809719300Z\",\"eventRecordID\":\"12574265\",\"processID\":\"1076\",\"threadID\":\"428\",\"channel\":\"Security\",\"computer\":\"w800pp022.svdgmbh.at\",\"severityValue\":\"AUDIT_SUCCESS\",\"message\":\"\\\"A security-enabled local group membership was enumerated.\\r\\n\\r\\nSubject:\\r\\n\\tSecurity ID:\\t\\tS-1-5-18\\r\\n\\tAccount Name:\\t\\tW800PP022$\\r\\n\\tAccount Domain:\\t\\tSVD-ALL-SERVERS\\r\\n\\tLogon ID:\\t\\t0x3E7\\r\\n\\r\\nGroup:\\r\\n\\tSecurity ID:\\t\\tS-1-5-32-551\\r\\n\\tGroup Name:\\t\\tBackup Operators\\r\\n\\tGroup Domain:\\t\\tBuiltin\\r\\n\\r\\nProcess Information:\\r\\n\\tProcess ID:\\t\\t0x1260\\r\\n\\tProcess Name:\\t\\tC:\\\\Program Files\\\\CrowdStrike\\\\CSFalconService.exe\\\"\"},\"eventdata\":{\"targetUserName\":\"Backup Operators\",\"targetDomainName\":\"Builtin\",\"targetSid\":\"S-1-5-32-551\",\"subjectUserSid\":\"S-1-5-18\",\"subjectUserName\":\"W800PP022$\",\"subjectDomainName\":\"SVD-ALL-SERVERS\",\"subjectLogonId\":\"0x3e7\",\"callerProcessId\":\"0x1260\",\"callerProcessName\":\"C:\\\\\\\\Program Files\\\\\\\\CrowdStrike\\\\\\\\CSFalconService.exe\"}}}", "decoder": {"name": "windows_eventchannel"}, "data": {"win": {"system": {"providerName": "Microsoft-Windows-Security-Auditing", "providerGuid": "{54849625-5478-4994-a5ba-3e3b0328c30d}", "eventID": "4799", "version": "0", "level": "0", "task": "13826", "opcode": "0", "keywords": "0x8020000000000000", "systemTime": "2024-04-24T12:16:40.809719300Z", "eventRecordID": "12574265", "processID": "1076", "threadID": "428", "channel": "Security", "computer": "w800pp022.svdgmbh.at", "severityValue": "AUDIT_SUCCESS", "message": "\"A security-enabled local group membership was enumerated.\r\n\r\nSubject:\r\n\tSecurity ID:\t\tS-1-5-18\r\n\tAccount Name:\t\tW800PP022$\r\n\tAccount Domain:\t\tSVD-ALL-SERVERS\r\n\tLogon ID:\t\t0x3E7\r\n\r\nGroup:\r\n\tSecurity ID:\t\tS-1-5-32-551\r\n\tGroup Name:\t\tBackup Operators\r\n\tGroup Domain:\t\tBuiltin\r\n\r\nProcess Information:\r\n\tProcess ID:\t\t0x1260\r\n\tProcess Name:\t\tC:\\Program Files\\CrowdStrike\\CSFalconService.exe\""}, "eventdata": {"targetUserName": "Backup Operators", "targetDomainName": "Builtin", "targetSid": "S-1-5-32-551", "subjectUserSid": "S-1-5-18", "subjectUserName": "W800PP022$", "subjectDomainName": "SVD-ALL-SERVERS", "subjectLogonId": "0x3e7", "callerProcessId": "0x1260", "callerProcessName": "C:\\\\Program Files\\\\CrowdStrike\\\\CSFalconService.exe"}}}, "location": "EventChannel"}}
{"AgentX_win": {"timestamp": "2024-04-24T12:16:04.560+0000", "agent": {"id": "036", "name": "w600pp012", "ip": "10.163.125.12", "labels": {"os_name": "windows", "event_source": "Duo-Security-Auth-Proxy"}}, "manager": {"name": "agentx-server"}, "id": "1713960964.0", "cluster": {"name": "logpoint_cluster7655", "node": "10.163.205.166"}, "full_log": "2024-04-24T14:16:03.319799+0200 [duoauthproxy.lib.log#info] (('10.163.125.60', 25998), netscaler_svd, 127): Sending response", "decoder": {}, "location": "\\Program Files\\Duo Security Authentication Proxy\\log\\authproxy.log"}}
{"AgentX_win": {"timestamp": "2024-04-24T12:16:12.603+0000", "agent": {"id": "036", "name": "w600pp012", "ip": "10.163.125.12", "labels": {"os_name": "windows", "event_source": "Duo-Security-Auth-Proxy"}}, "manager": {"name": "agentx-server"}, "id": "1713960972.0", "cluster": {"name": "logpoint_cluster7655", "node": "10.163.205.166"}, "full_log": "2024-04-24T14:16:11.138145+0200 [duoauthproxy.lib.log#info] Got response for id 232 from ('10.163.18.162', 1812); code 2", "decoder": {}, "location": "\\Program Files\\Duo Security Authentication Proxy\\log\\authproxy.log"}}
{"AgentX_win": {"timestamp": "2024-04-24T12:17:12.749+0000", "agent": {"id": "036", "name": "w600pp012", "ip": "10.163.125.12", "labels": {"os_name": "windows", "event_source": "Duo-Security-Auth-Proxy"}}, "manager": {"name": "agentx-server"}, "id": "1713961032.0", "cluster": {"name": "logpoint_cluster7655", "node": "10.163.205.166"}, "full_log": "2024-04-24T14:17:11.537724+0200 [duoauthproxy.lib.log#info] (('10.163.125.60', 55994), svd\\svc_ciscovpn_ldap, 236): Got preauth result for: 'allow'", "decoder": {}, "location": "\\Program Files\\Duo Security Authentication Proxy\\log\\authproxy.log"}}
{"AgentX_win": {"timestamp": "2024-04-24T12:17:06.707+0000", "agent": {"id": "036", "name": "w600pp012", "ip": "10.163.125.12", "labels": {"os_name": "windows", "event_source": "Duo-Security-Auth-Proxy"}}, "manager": {"name": "agentx-server"}, "id": "1713961026.0", "cluster": {"name": "logpoint_cluster7655", "node": "10.163.205.166"}, "full_log": "2024-04-24T14:17:06.501083+0200 [duoauthproxy.lib.log#info] (('10.163.125.60', 41004), svd\\svc_ciscovpn_ldap, 235): Sending response", "decoder": {}, "location": "\\Program Files\\Duo Security Authentication Proxy\\log\\authproxy.log"}}
{"AgentX_Alert_win": {"timestamp": "2024-04-24T12:16:01.465+0000", "rule": {"level": 6, "description": "Successful Remote Logon Detected - NTLM authentication, possible pass-the-hash attack.", "id": "92652", "mitre": {"id": ["T1550.002"], "tactic": ["Defense Evasion", "Lateral Movement"], "technique": ["Pass the Hash"]}, "firedtimes": 10844, "mail": false, "groups": ["win_evt_channel", "authentication_success"], "gdpr": ["IV_32.2"], "gpg13": ["7.1", "7.2"], "hipaa": ["164.312.b"], "nist_800_53": ["AC.7", "AU.14"], "pci_dss": ["10.2.5"], "tsc": ["CC6.8", "CC7.2", "CC7.3"]}, "agent": {"id": "033", "name": "w800pp022", "ip": "10.163.109.22", "labels": {"os_name": "windows"}}, "manager": {"name": "agentx-server"}, "id": "1713960961.0", "cluster": {"name": "logpoint_cluster7655", "node": "10.163.205.166"}, "full_log": "{\"win\":{\"system\":{\"providerName\":\"Microsoft-Windows-Security-Auditing\",\"providerGuid\":\"{54849625-5478-4994-a5ba-3e3b0328c30d}\",\"eventID\":\"4624\",\"version\":\"2\",\"level\":\"0\",\"task\":\"12544\",\"opcode\":\"0\",\"keywords\":\"0x8020000000000000\",\"systemTime\":\"2024-04-24T12:16:00.413893800Z\",\"eventRecordID\":\"12574245\",\"processID\":\"1076\",\"threadID\":\"1028\",\"channel\":\"Security\",\"computer\":\"w800pp022.svdgmbh.at\",\"severityValue\":\"AUDIT_SUCCESS\",\"message\":\"\\\"An account was successfully logged on.\\r\\n\\r\\nSubject:\\r\\n\\tSecurity ID:\\t\\tS-1-0-0\\r\\n\\tAccount Name:\\t\\t-\\r\\n\\tAccount Domain:\\t\\t-\\r\\n\\tLogon ID:\\t\\t0x0\\r\\n\\r\\nLogon Information:\\r\\n\\tLogon Type:\\t\\t3\\r\\n\\tRestricted Admin Mode:\\t-\\r\\n\\tVirtual Account:\\t\\tNo\\r\\n\\tElevated Token:\\t\\tYes\\r\\n\\r\\nImpersonation Level:\\t\\tImpersonation\\r\\n\\r\\nNew Logon:\\r\\n\\tSecurity ID:\\t\\tS-1-5-21-3820258559-4010620804-2835793296-1004\\r\\n\\tAccount Name:\\t\\tsvc_monitoring_Proxy\\r\\n\\tAccount Domain:\\t\\tW800PP022\\r\\n\\tLogon ID:\\t\\t0x1B9B1402\\r\\n\\tLinked Logon ID:\\t\\t0x0\\r\\n\\tNetwork Account Name:\\t-\\r\\n\\tNetwork Account Domain:\\t-\\r\\n\\tLogon GUID:\\t\\t{00000000-0000-0000-0000-000000000000}\\r\\n\\r\\nProcess Information:\\r\\n\\tProcess ID:\\t\\t0x0\\r\\n\\tProcess Name:\\t\\t-\\r\\n\\r\\nNetwork Information:\\r\\n\\tWorkstation Name:\\tW000PS034\\r\\n\\tSource Network Address:\\t10.163.2.34\\r\\n\\tSource Port:\\t\\t63791\\r\\n\\r\\nDetailed Authentication Information:\\r\\n\\tLogon Process:\\t\\tNtLmSsp \\r\\n\\tAuthentication Package:\\tNTLM\\r\\n\\tTransited Services:\\t-\\r\\n\\tPackage Name (NTLM only):\\tNTLM V1\\r\\n\\tKey Length:\\t\\t128\\r\\n\\r\\nThis event is generated when a logon session is created. It is generated on the computer that was accessed.\\r\\n\\r\\nThe subject fields indicate the account on the local system which requested the logon. This is most commonly a service such as the Server service, or a local process such as Winlogon.exe or Services.exe.\\r\\n\\r\\nThe logon type field indicates the kind of logon that occurred. The most common types are 2 (interactive) and 3 (network).\\r\\n\\r\\nThe New Logon fields indicate the account for whom the new logon was created, i.e. the account that was logged on.\\r\\n\\r\\nThe network fields indicate where a remote logon request originated. Workstation name is not always available and may be left blank in some cases.\\r\\n\\r\\nThe impersonation level field indicates the extent to which a process in the logon session can impersonate.\\r\\n\\r\\nThe authentication information fields provide detailed information about this specific logon request.\\r\\n\\t- Logon GUID is a unique identifier that can be used to correlate this event with a KDC event.\\r\\n\\t- Transited services indicate which intermediate services have participated in this logon request.\\r\\n\\t- Package name indicates which sub-protocol was used among the NTLM protocols.\\r\\n\\t- Key length indicates the length of the generated session key. This will be 0 if no session key was requested.\\\"\"},\"eventdata\":{\"subjectUserSid\":\"S-1-0-0\",\"subjectLogonId\":\"0x0\",\"targetUserSid\":\"S-1-5-21-3820258559-4010620804-2835793296-1004\",\"targetUserName\":\"svc_monitoring_Proxy\",\"targetDomainName\":\"W800PP022\",\"targetLogonId\":\"0x1b9b1402\",\"logonType\":\"3\",\"logonProcessName\":\"NtLmSsp\",\"authenticationPackageName\":\"NTLM\",\"workstationName\":\"W000PS034\",\"logonGuid\":\"{00000000-0000-0000-0000-000000000000}\",\"lmPackageName\":\"NTLM V1\",\"keyLength\":\"128\",\"processId\":\"0x0\",\"ipAddress\":\"10.163.2.34\",\"ipPort\":\"63791\",\"impersonationLevel\":\"%%1833\",\"virtualAccount\":\"%%1843\",\"targetLinkedLogonId\":\"0x0\",\"elevatedToken\":\"%%1842\"}}}", "decoder": {"name": "windows_eventchannel"}, "data": {"win": {"system": {"providerName": "Microsoft-Windows-Security-Auditing", "providerGuid": "{54849625-5478-4994-a5ba-3e3b0328c30d}", "eventID": "4624", "version": "2", "level": "0", "task": "12544", "opcode": "0", "keywords": "0x8020000000000000", "systemTime": "2024-04-24T12:16:00.413893800Z", "eventRecordID": "12574245", "processID": "1076", "threadID": "1028", "channel": "Security", "computer": "w800pp022.svdgmbh.at", "severityValue": "AUDIT_SUCCESS", "message": "\"An account was successfully logged on.\r\n\r\nSubject:\r\n\tSecurity ID:\t\tS-1-0-0\r\n\tAccount Name:\t\t-\r\n\tAccount Domain:\t\t-\r\n\tLogon ID:\t\t0x0\r\n\r\nLogon Information:\r\n\tLogon Type:\t\t3\r\n\tRestricted Admin Mode:\t-\r\n\tVirtual Account:\t\tNo\r\n\tElevated Token:\t\tYes\r\n\r\nImpersonation Level:\t\tImpersonation\r\n\r\nNew Logon:\r\n\tSecurity ID:\t\tS-1-5-21-3820258559-4010620804-2835793296-1004\r\n\tAccount Name:\t\tsvc_monitoring_Proxy\r\n\tAccount Domain:\t\tW800PP022\r\n\tLogon ID:\t\t0x1B9B1402\r\n\tLinked Logon ID:\t\t0x0\r\n\tNetwork Account Name:\t-\r\n\tNetwork Account Domain:\t-\r\n\tLogon GUID:\t\t{00000000-0000-0000-0000-000000000000}\r\n\r\nProcess Information:\r\n\tProcess ID:\t\t0x0\r\n\tProcess Name:\t\t-\r\n\r\nNetwork Information:\r\n\tWorkstation Name:\tW000PS034\r\n\tSource Network Address:\t10.163.2.34\r\n\tSource Port:\t\t63791\r\n\r\nDetailed Authentication Information:\r\n\tLogon Process:\t\tNtLmSsp \r\n\tAuthentication Package:\tNTLM\r\n\tTransited Services:\t-\r\n\tPackage Name (NTLM only):\tNTLM V1\r\n\tKey Length:\t\t128\r\n\r\nThis event is generated when a logon session is created. It is generated on the computer that was accessed.\r\n\r\nThe subject fields indicate the account on the local system which requested the logon. This is most commonly a service such as the Server service, or a local process such as Winlogon.exe or Services.exe.\r\n\r\nThe logon type field indicates the kind of logon that occurred. The most common types are 2 (interactive) and 3 (network).\r\n\r\nThe New Logon fields indicate the account for whom the new logon was created, i.e. the account that was logged on.\r\n\r\nThe network fields indicate where a remote logon request originated. Workstation name is not always available and may be left blank in some cases.\r\n\r\nThe impersonation level field indicates the extent to which a process in the logon session can impersonate.\r\n\r\nThe authentication information fields provide detailed information about this specific logon request.\r\n\t- Logon GUID is a unique identifier that can be used to correlate this event with a KDC event.\r\n\t- Transited services indicate which intermediate services have participated in this logon request.\r\n\t- Package name indicates which sub-protocol was used among the NTLM protocols.\r\n\t- Key length indicates the length of the generated session key. This will be 0 if no session key was requested.\""}, "eventdata": {"subjectUserSid": "S-1-0-0", "subjectLogonId": "0x0", "targetUserSid": "S-1-5-21-3820258559-4010620804-2835793296-1004", "targetUserName": "svc_monitoring_Proxy", "targetDomainName": "W800PP022", "targetLogonId": "0x1b9b1402", "logonType": "3", "logonProcessName": "NtLmSsp", "authenticationPackageName": "NTLM", "workstationName": "W000PS034", "logonGuid": "{00000000-0000-0000-0000-000000000000}", "lmPackageName": "NTLM V1", "keyLength": "128", "processId": "0x0", "ipAddress": "10.163.2.34", "ipPort": "63791", "impersonationLevel": "%%1833", "virtualAccount": "%%1843", "targetLinkedLogonId": "0x0", "elevatedToken": "%%1842"}}}, "location": "EventChannel"}}
{"AgentX_win": {"timestamp": "2024-04-24T12:16:41.943+0000", "agent": {"id": "033", "name": "w800pp022", "ip": "10.163.109.22", "labels": {"os_name": "windows"}}, "manager": {"name": "agentx-server"}, "id": "1713961001.0", "cluster": {"name": "logpoint_cluster7655", "node": "10.163.205.166"}, "full_log": "{\"win\":{\"system\":{\"providerName\":\"Microsoft-Windows-Security-Auditing\",\"providerGuid\":\"{54849625-5478-4994-a5ba-3e3b0328c30d}\",\"eventID\":\"4799\",\"version\":\"0\",\"level\":\"0\",\"task\":\"13826\",\"opcode\":\"0\",\"keywords\":\"0x8020000000000000\",\"systemTime\":\"2024-04-24T12:16:40.810880800Z\",\"eventRecordID\":\"12574273\",\"processID\":\"1076\",\"threadID\":\"1028\",\"channel\":\"Security\",\"computer\":\"w800pp022.svdgmbh.at\",\"severityValue\":\"AUDIT_SUCCESS\",\"message\":\"\\\"A security-enabled local group membership was enumerated.\\r\\n\\r\\nSubject:\\r\\n\\tSecurity ID:\\t\\tS-1-5-18\\r\\n\\tAccount Name:\\t\\tW800PP022$\\r\\n\\tAccount Domain:\\t\\tSVD-ALL-SERVERS\\r\\n\\tLogon ID:\\t\\t0x3E7\\r\\n\\r\\nGroup:\\r\\n\\tSecurity ID:\\t\\tS-1-5-32-546\\r\\n\\tGroup Name:\\t\\tGuests\\r\\n\\tGroup Domain:\\t\\tBuiltin\\r\\n\\r\\nProcess Information:\\r\\n\\tProcess ID:\\t\\t0x1260\\r\\n\\tProcess Name:\\t\\tC:\\\\Program Files\\\\CrowdStrike\\\\CSFalconService.exe\\\"\"},\"eventdata\":{\"targetUserName\":\"Guests\",\"targetDomainName\":\"Builtin\",\"targetSid\":\"S-1-5-32-546\",\"subjectUserSid\":\"S-1-5-18\",\"subjectUserName\":\"W800PP022$\",\"subjectDomainName\":\"SVD-ALL-SERVERS\",\"subjectLogonId\":\"0x3e7\",\"callerProcessId\":\"0x1260\",\"callerProcessName\":\"C:\\\\\\\\Program Files\\\\\\\\CrowdStrike\\\\\\\\CSFalconService.exe\"}}}", "decoder": {"name": "windows_eventchannel"}, "data": {"win": {"system": {"providerName": "Microsoft-Windows-Security-Auditing", "providerGuid": "{54849625-5478-4994-a5ba-3e3b0328c30d}", "eventID": "4799", "version": "0", "level": "0", "task": "13826", "opcode": "0", "keywords": "0x8020000000000000", "systemTime": "2024-04-24T12:16:40.810880800Z", "eventRecordID": "12574273", "processID": "1076", "threadID": "1028", "channel": "Security", "computer": "w800pp022.svdgmbh.at", "severityValue": "AUDIT_SUCCESS", "message": "\"A security-enabled local group membership was enumerated.\r\n\r\nSubject:\r\n\tSecurity ID:\t\tS-1-5-18\r\n\tAccount Name:\t\tW800PP022$\r\n\tAccount Domain:\t\tSVD-ALL-SERVERS\r\n\tLogon ID:\t\t0x3E7\r\n\r\nGroup:\r\n\tSecurity ID:\t\tS-1-5-32-546\r\n\tGroup Name:\t\tGuests\r\n\tGroup Domain:\t\tBuiltin\r\n\r\nProcess Information:\r\n\tProcess ID:\t\t0x1260\r\n\tProcess Name:\t\tC:\\Program Files\\CrowdStrike\\CSFalconService.exe\""}, "eventdata": {"targetUserName": "Guests", "targetDomainName": "Builtin", "targetSid": "S-1-5-32-546", "subjectUserSid": "S-1-5-18", "subjectUserName": "W800PP022$", "subjectDomainName": "SVD-ALL-SERVERS", "subjectLogonId": "0x3e7", "callerProcessId": "0x1260", "callerProcessName": "C:\\\\Program Files\\\\CrowdStrike\\\\CSFalconService.exe"}}}, "location": "EventChannel"}}
{"AgentX_win": {"timestamp": "2024-04-24T12:16:31.159+0000", "agent": {"id": "036", "name": "w600pp012", "ip": "10.163.125.12", "labels": {"os_name": "windows"}}, "manager": {"name": "agentx-server"}, "id": "1713960991.0", "cluster": {"name": "logpoint_cluster7655", "node": "10.163.205.166"}, "full_log": "{\"win\":{\"system\":{\"providerName\":\"Microsoft-Windows-Security-Auditing\",\"providerGuid\":\"{54849625-5478-4994-a5ba-3e3b0328c30d}\",\"eventID\":\"4672\",\"version\":\"0\",\"level\":\"0\",\"task\":\"12548\",\"opcode\":\"0\",\"keywords\":\"0x8020000000000000\",\"systemTime\":\"2024-04-24T12:16:30.152223200Z\",\"eventRecordID\":\"12782941\",\"processID\":\"1068\",\"threadID\":\"308\",\"channel\":\"Security\",\"computer\":\"w600pp012.svdgmbh.at\",\"severityValue\":\"AUDIT_SUCCESS\",\"message\":\"\\\"Special privileges assigned to new logon.\\r\\n\\r\\nSubject:\\r\\n\\tSecurity ID:\\t\\tS-1-5-21-3764723467-3062310962-3657131305-1003\\r\\n\\tAccount Name:\\t\\tsvc_monitoring_Proxy\\r\\n\\tAccount Domain:\\t\\tW600PP012\\r\\n\\tLogon ID:\\t\\t0x1E14E63D\\r\\n\\r\\nPrivileges:\\t\\tSeSecurityPrivilege\\r\\n\\t\\t\\tSeBackupPrivilege\\r\\n\\t\\t\\tSeRestorePrivilege\\r\\n\\t\\t\\tSeTakeOwnershipPrivilege\\r\\n\\t\\t\\tSeDebugPrivilege\\r\\n\\t\\t\\tSeSystemEnvironmentPrivilege\\r\\n\\t\\t\\tSeLoadDriverPrivilege\\r\\n\\t\\t\\tSeImpersonatePrivilege\\r\\n\\t\\t\\tSeDelegateSessionUserImpersonatePrivilege\\\"\"},\"eventdata\":{\"subjectUserSid\":\"S-1-5-21-3764723467-3062310962-3657131305-1003\",\"subjectUserName\":\"svc_monitoring_Proxy\",\"subjectDomainName\":\"W600PP012\",\"subjectLogonId\":\"0x1e14e63d\",\"privilegeList\":\"SeSecurityPrivilege     SeBackupPrivilege     SeRestorePrivilege     SeTakeOwnershipPrivilege     SeDebugPrivilege     SeSystemEnvironmentPrivilege     SeLoadDriverPrivilege     SeImpersonatePrivilege     SeDelegateSessionUserImpersonatePrivilege\"}}}", "decoder": {"name": "windows_eventchannel"}, "data": {"win": {"system": {"providerName": "Microsoft-Windows-Security-Auditing", "providerGuid": "{54849625-5478-4994-a5ba-3e3b0328c30d}", "eventID": "4672", "version": "0", "level": "0", "task": "12548", "opcode": "0", "keywords": "0x8020000000000000", "systemTime": "2024-04-24T12:16:30.152223200Z", "eventRecordID": "12782941", "processID": "1068", "threadID": "308", "channel": "Security", "computer": "w600pp012.svdgmbh.at", "severityValue": "AUDIT_SUCCESS", "message": "\"Special privileges assigned to new logon.\r\n\r\nSubject:\r\n\tSecurity ID:\t\tS-1-5-21-3764723467-3062310962-3657131305-1003\r\n\tAccount Name:\t\tsvc_monitoring_Proxy\r\n\tAccount Domain:\t\tW600PP012\r\n\tLogon ID:\t\t0x1E14E63D\r\n\r\nPrivileges:\t\tSeSecurityPrivilege\r\n\t\t\tSeBackupPrivilege\r\n\t\t\tSeRestorePrivilege\r\n\t\t\tSeTakeOwnershipPrivilege\r\n\t\t\tSeDebugPrivilege\r\n\t\t\tSeSystemEnvironmentPrivilege\r\n\t\t\tSeLoadDriverPrivilege\r\n\t\t\tSeImpersonatePrivilege\r\n\t\t\tSeDelegateSessionUserImpersonatePrivilege\""}, "eventdata": {"subjectUserSid": "S-1-5-21-3764723467-3062310962-3657131305-1003", "subjectUserName": "svc_monitoring_Proxy", "subjectDomainName": "W600PP012", "subjectLogonId": "0x1e14e63d", "privilegeList": "SeSecurityPrivilege     SeBackupPrivilege     SeRestorePrivilege     SeTakeOwnershipPrivilege     SeDebugPrivilege     SeSystemEnvironmentPrivilege     SeLoadDriverPrivilege     SeImpersonatePrivilege     SeDelegateSessionUserImpersonatePrivilege"}}}, "location": "EventChannel"}}
{"AgentX_win": {"timestamp": "2024-04-24T12:17:14.364+0000", "agent": {"id": "034", "name": "w800pp023", "ip": "10.163.109.23", "labels": {"os_name": "windows", "event_source": "Duo-Security-Auth-Proxy"}}, "manager": {"name": "agentx-server"}, "id": "1713961034.0", "cluster": {"name": "logpoint_cluster7655", "node": "10.163.205.166"}, "full_log": "2024-04-24T14:17:13.898220+0200 [duoauthproxy.lib.log#info] (('10.163.109.60', 2461), netscaler_svs, 144): Sending response", "decoder": {}, "location": "\\Program Files\\Duo Security Authentication Proxy\\log\\authproxy.log"}}
{"AgentX_win": {"timestamp": "2024-04-24T12:17:04.682+0000", "agent": {"id": "036", "name": "w600pp012", "ip": "10.163.125.12", "labels": {"os_name": "windows", "event_source": "Duo-Security-Auth-Proxy"}}, "manager": {"name": "agentx-server"}, "id": "1713961024.0", "cluster": {"name": "logpoint_cluster7655", "node": "10.163.205.166"}, "full_log": "2024-04-24T14:17:01.074277+0200 [duoauthproxy.lib.log#info] (('10.163.125.60', 14877), svd\\svc_ciscovpn_ldap, 234): login attempt for username 'svd\\\\svc_ciscovpn_ldap'", "decoder": {}, "location": "\\Program Files\\Duo Security Authentication Proxy\\log\\authproxy.log"}}
